[I 250911 16:56:57 watcher:110] Running task: builder (delay: None)
INFO    -  Building documentation... 
WARNING -  Config value: 'logo'. Warning: Unrecognised configuration name: logo 
ERROR   -  Config value: 'theme'. Error: Unrecognised theme name: 'material'. The available installed themes are: mkdocs, readthedocs 
Exception in callback BaseAsyncIOLoop._handle_events(3, 1)
handle: <Handle BaseAsyncIOLoop._handle_events(3, 1)>
Traceback (most recent call last):
  File "/usr/lib/python3.10/asyncio/events.py", line 80, in _run
    self._context.run(self._callback, *self._args)
  File "/usr/lib/python3/dist-packages/tornado/platform/asyncio.py", line 189, in _handle_events
    handler_func(fileobj, events)
  File "/usr/lib/python3/dist-packages/pyinotify.py", line 1560, in handle_read
    self.process_events()
  File "/usr/lib/python3/dist-packages/pyinotify.py", line 1275, in process_events
    self._default_proc_fun(revent)
  File "/usr/lib/python3/dist-packages/livereload/watcher.py", line 231, in inotify_event
    self.callback()
  File "/usr/lib/python3/dist-packages/livereload/handlers.py", line 69, in poll_tasks
    filepath, delay = cls.watcher.examine()
  File "/usr/lib/python3/dist-packages/livereload/watcher.py", line 119, in examine
    func()
  File "/usr/lib/python3/dist-packages/mkdocs/commands/serve.py", line 122, in builder
    config = load_config(
  File "/usr/lib/python3/dist-packages/mkdocs/config/base.py", line 209, in load_config
    raise exceptions.ConfigurationError(
mkdocs.exceptions.ConfigurationError: Aborted with 1 Configuration Errors!
[I 250911 16:56:57 watcher:110] Running task: builder (delay: None)
INFO    -  Building documentation... 
WARNING -  Config value: 'logo'. Warning: Unrecognised configuration name: logo 
ERROR   -  Config value: 'theme'. Error: Unrecognised theme name: 'material'. The available installed themes are: mkdocs, readthedocs 
Exception in callback BaseAsyncIOLoop._handle_events(3, 1)
handle: <Handle BaseAsyncIOLoop._handle_events(3, 1)>
Traceback (most recent call last):
  File "/usr/lib/python3.10/asyncio/events.py", line 80, in _run
    self._context.run(self._callback, *self._args)
  File "/usr/lib/python3/dist-packages/tornado/platform/asyncio.py", line 189, in _handle_events
    handler_func(fileobj, events)
  File "/usr/lib/python3/dist-packages/pyinotify.py", line 1560, in handle_read
    self.process_events()
  File "/usr/lib/python3/dist-packages/pyinotify.py", line 1275, in process_events
    self._default_proc_fun(revent)
  File "/usr/lib/python3/dist-packages/livereload/watcher.py", line 231, in inotify_event
    self.callback()
  File "/usr/lib/python3/dist-packages/livereload/handlers.py", line 69, in poll_tasks
    filepath, delay = cls.watcher.examine()
  File "/usr/lib/python3/dist-packages/livereload/watcher.py", line 119, in examine
    func()
  File "/usr/lib/python3/dist-packages/mkdocs/commands/serve.py", line 122, in builder
    config = load_config(
  File "/usr/lib/python3/dist-packages/mkdocs/config/base.py", line 209, in load_config
    raise exceptions.ConfigurationError(
mkdocs.exceptions.ConfigurationError: Aborted with 1 Configuration Errors!
[I 250911 16:58:58 watcher:110] Running task: builder (delay: None)
INFO    -  Building documentation... 
WARNING -  Config value: 'logo'. Warning: Unrecognised configuration name: logo 
ERROR   -  Config value: 'theme'. Error: Unrecognised theme name: 'material'. The available installed themes are: mkdocs, readthedocs 
Exception in callback BaseAsyncIOLoop._handle_events(3, 1)
handle: <Handle BaseAsyncIOLoop._handle_events(3, 1)>
Traceback (most recent call last):
  File "/usr/lib/python3.10/asyncio/events.py", line 80, in _run
    self._context.run(self._callback, *self._args)
  File "/usr/lib/python3/dist-packages/tornado/platform/asyncio.py", line 189, in _handle_events
    handler_func(fileobj, events)
  File "/usr/lib/python3/dist-packages/pyinotify.py", line 1560, in handle_read
    self.process_events()
  File "/usr/lib/python3/dist-packages/pyinotify.py", line 1275, in process_events
    self._default_proc_fun(revent)
  File "/usr/lib/python3/dist-packages/livereload/watcher.py", line 231, in inotify_event
    self.callback()
  File "/usr/lib/python3/dist-packages/livereload/handlers.py", line 69, in poll_tasks
    filepath, delay = cls.watcher.examine()
  File "/usr/lib/python3/dist-packages/livereload/watcher.py", line 119, in examine
    func()
  File "/usr/lib/python3/dist-packages/mkdocs/commands/serve.py", line 122, in builder
    config = load_config(
  File "/usr/lib/python3/dist-packages/mkdocs/config/base.py", line 209, in load_config
    raise exceptions.ConfigurationError(
mkdocs.exceptions.ConfigurationError: Aborted with 1 Configuration Errors!
[I 250911 16:58:58 watcher:110] Running task: builder (delay: None)
INFO    -  Building documentation... 
WARNING -  Config value: 'logo'. Warning: Unrecognised configuration name: logo 
ERROR   -  Config value: 'theme'. Error: Unrecognised theme name: 'material'. The available installed themes are: mkdocs, readthedocs 
Exception in callback BaseAsyncIOLoop._handle_events(3, 1)
handle: <Handle BaseAsyncIOLoop._handle_events(3, 1)>
Traceback (most recent call last):
  File "/usr/lib/python3.10/asyncio/events.py", line 80, in _run
    self._context.run(self._callback, *self._args)
  File "/usr/lib/python3/dist-packages/tornado/platform/asyncio.py", line 189, in _handle_events
    handler_func(fileobj, events)
  File "/usr/lib/python3/dist-packages/pyinotify.py", line 1560, in handle_read
    self.process_events()
  File "/usr/lib/python3/dist-packages/pyinotify.py", line 1275, in process_events
    self._default_proc_fun(revent)
  File "/usr/lib/python3/dist-packages/livereload/watcher.py", line 231, in inotify_event
    self.callback()
  File "/usr/lib/python3/dist-packages/livereload/handlers.py", line 69, in poll_tasks
    filepath, delay = cls.watcher.examine()
  File "/usr/lib/python3/dist-packages/livereload/watcher.py", line 119, in examine
    func()
  File "/usr/lib/python3/dist-packages/mkdocs/commands/serve.py", line 122, in builder
    config = load_config(
  File "/usr/lib/python3/dist-packages/mkdocs/config/base.py", line 209, in load_config
    raise exceptions.ConfigurationError(
mkdocs.exceptions.ConfigurationError: Aborted with 1 Configuration Errors!
[I 250911 16:59:12 watcher:110] Running task: builder (delay: None)
INFO    -  Building documentation... 
WARNING -  Config value: 'logo'. Warning: Unrecognised configuration name: logo 
[I 250911 16:59:13 handlers:92] Reload 1 waiters: /home/pit/Docs_tech/mkdocs.yml
[I 250911 16:59:15 handlers:135] Browser Connected: http://127.0.0.1:8000/
[I 250911 17:01:29 watcher:110] Running task: builder (delay: None)
INFO    -  Building documentation... 
[I 250911 17:01:30 handlers:92] Reload 1 waiters: /home/pit/Docs_tech/mkdocs.yml
[I 250911 17:01:31 handlers:135] Browser Connected: http://127.0.0.1:8000/
[I 250911 17:01:37 handlers:135] Browser Connected: http://127.0.0.1:8000/
[I 250911 17:03:28 watcher:110] Running task: builder (delay: None)
INFO    -  Building documentation... 
Exception in callback BaseAsyncIOLoop._handle_events(3, 1)
handle: <Handle BaseAsyncIOLoop._handle_events(3, 1)>
Traceback (most recent call last):
  File "/usr/lib/python3/dist-packages/mkdocs/config/base.py", line 134, in load_file
    return self.load_dict(utils.yaml_load(config_file))
  File "/usr/lib/python3/dist-packages/mkdocs/utils/__init__.py", line 59, in yaml_load
    return yaml.load(source, Loader)
  File "/usr/lib/python3/dist-packages/yaml/__init__.py", line 114, in load
    return loader.get_single_data()
  File "/usr/lib/python3/dist-packages/yaml/constructor.py", line 51, in get_single_data
    return self.construct_document(node)
  File "/usr/lib/python3/dist-packages/yaml/constructor.py", line 60, in construct_document
    for dummy in generator:
  File "/usr/lib/python3/dist-packages/yaml/constructor.py", line 413, in construct_yaml_map
    value = self.construct_mapping(node)
  File "/usr/lib/python3/dist-packages/yaml/constructor.py", line 218, in construct_mapping
    return super().construct_mapping(node, deep=deep)
  File "/usr/lib/python3/dist-packages/yaml/constructor.py", line 143, in construct_mapping
    value = self.construct_object(value_node, deep=deep)
  File "/usr/lib/python3/dist-packages/yaml/constructor.py", line 100, in construct_object
    data = constructor(self, node)
  File "/usr/lib/python3/dist-packages/yaml/constructor.py", line 427, in construct_undefined
    raise ConstructorError(None, None,
yaml.constructor.ConstructorError: could not determine a constructor for the tag '!ENV'
  in "/home/pit/Docs_tech/mkdocs.yml", line 92, column 15

During handling of the above exception, another exception occurred:

Traceback (most recent call last):
  File "/usr/lib/python3.10/asyncio/events.py", line 80, in _run
    self._context.run(self._callback, *self._args)
  File "/usr/lib/python3/dist-packages/tornado/platform/asyncio.py", line 189, in _handle_events
    handler_func(fileobj, events)
  File "/usr/lib/python3/dist-packages/pyinotify.py", line 1560, in handle_read
    self.process_events()
  File "/usr/lib/python3/dist-packages/pyinotify.py", line 1275, in process_events
    self._default_proc_fun(revent)
  File "/usr/lib/python3/dist-packages/livereload/watcher.py", line 231, in inotify_event
    self.callback()
  File "/usr/lib/python3/dist-packages/livereload/handlers.py", line 69, in poll_tasks
    filepath, delay = cls.watcher.examine()
  File "/usr/lib/python3/dist-packages/livereload/watcher.py", line 119, in examine
    func()
  File "/usr/lib/python3/dist-packages/mkdocs/commands/serve.py", line 122, in builder
    config = load_config(
  File "/usr/lib/python3/dist-packages/mkdocs/config/base.py", line 193, in load_config
    cfg.load_file(config_file)
  File "/usr/lib/python3/dist-packages/mkdocs/config/base.py", line 137, in load_file
    raise exceptions.ConfigurationError(
mkdocs.exceptions.ConfigurationError: MkDocs encountered as error parsing the configuration file: could not determine a constructor for the tag '!ENV'
  in "/home/pit/Docs_tech/mkdocs.yml", line 92, column 15
[I 250911 17:03:50 handlers:135] Browser Connected: http://127.0.0.1:8000/
[I 250911 17:04:28 watcher:110] Running task: builder (delay: None)
INFO    -  Building documentation... 
Exception in callback BaseAsyncIOLoop._handle_events(3, 1)
handle: <Handle BaseAsyncIOLoop._handle_events(3, 1)>
Traceback (most recent call last):
  File "/usr/lib/python3/dist-packages/mkdocs/config/base.py", line 134, in load_file
    return self.load_dict(utils.yaml_load(config_file))
  File "/usr/lib/python3/dist-packages/mkdocs/utils/__init__.py", line 59, in yaml_load
    return yaml.load(source, Loader)
  File "/usr/lib/python3/dist-packages/yaml/__init__.py", line 114, in load
    return loader.get_single_data()
  File "/usr/lib/python3/dist-packages/yaml/constructor.py", line 51, in get_single_data
    return self.construct_document(node)
  File "/usr/lib/python3/dist-packages/yaml/constructor.py", line 60, in construct_document
    for dummy in generator:
  File "/usr/lib/python3/dist-packages/yaml/constructor.py", line 413, in construct_yaml_map
    value = self.construct_mapping(node)
  File "/usr/lib/python3/dist-packages/yaml/constructor.py", line 218, in construct_mapping
    return super().construct_mapping(node, deep=deep)
  File "/usr/lib/python3/dist-packages/yaml/constructor.py", line 143, in construct_mapping
    value = self.construct_object(value_node, deep=deep)
  File "/usr/lib/python3/dist-packages/yaml/constructor.py", line 100, in construct_object
    data = constructor(self, node)
  File "/usr/lib/python3/dist-packages/yaml/constructor.py", line 427, in construct_undefined
    raise ConstructorError(None, None,
yaml.constructor.ConstructorError: could not determine a constructor for the tag '!ENV'
  in "/home/pit/Docs_tech/mkdocs.yml", line 92, column 15

During handling of the above exception, another exception occurred:

Traceback (most recent call last):
  File "/usr/lib/python3.10/asyncio/events.py", line 80, in _run
    self._context.run(self._callback, *self._args)
  File "/usr/lib/python3/dist-packages/tornado/platform/asyncio.py", line 189, in _handle_events
    handler_func(fileobj, events)
  File "/usr/lib/python3/dist-packages/pyinotify.py", line 1560, in handle_read
    self.process_events()
  File "/usr/lib/python3/dist-packages/pyinotify.py", line 1275, in process_events
    self._default_proc_fun(revent)
  File "/usr/lib/python3/dist-packages/livereload/watcher.py", line 231, in inotify_event
    self.callback()
  File "/usr/lib/python3/dist-packages/livereload/handlers.py", line 69, in poll_tasks
    filepath, delay = cls.watcher.examine()
  File "/usr/lib/python3/dist-packages/livereload/watcher.py", line 119, in examine
    func()
  File "/usr/lib/python3/dist-packages/mkdocs/commands/serve.py", line 122, in builder
    config = load_config(
  File "/usr/lib/python3/dist-packages/mkdocs/config/base.py", line 193, in load_config
    cfg.load_file(config_file)
  File "/usr/lib/python3/dist-packages/mkdocs/config/base.py", line 137, in load_file
    raise exceptions.ConfigurationError(
mkdocs.exceptions.ConfigurationError: MkDocs encountered as error parsing the configuration file: could not determine a constructor for the tag '!ENV'
  in "/home/pit/Docs_tech/mkdocs.yml", line 92, column 15
[I 250911 17:04:36 handlers:135] Browser Connected: http://127.0.0.1:8000/
[I 250911 17:05:22 watcher:110] Running task: builder (delay: None)
INFO    -  Building documentation... 
Exception in callback BaseAsyncIOLoop._handle_events(3, 1)
handle: <Handle BaseAsyncIOLoop._handle_events(3, 1)>
Traceback (most recent call last):
  File "/usr/lib/python3/dist-packages/yaml/constructor.py", line 551, in find_python_name
    __import__(module_name)
ModuleNotFoundError: No module named 'material.extensions'

During handling of the above exception, another exception occurred:

Traceback (most recent call last):
  File "/usr/lib/python3/dist-packages/mkdocs/config/base.py", line 134, in load_file
    return self.load_dict(utils.yaml_load(config_file))
  File "/usr/lib/python3/dist-packages/mkdocs/utils/__init__.py", line 59, in yaml_load
    return yaml.load(source, Loader)
  File "/usr/lib/python3/dist-packages/yaml/__init__.py", line 114, in load
    return loader.get_single_data()
  File "/usr/lib/python3/dist-packages/yaml/constructor.py", line 51, in get_single_data
    return self.construct_document(node)
  File "/usr/lib/python3/dist-packages/yaml/constructor.py", line 60, in construct_document
    for dummy in generator:
  File "/usr/lib/python3/dist-packages/yaml/constructor.py", line 413, in construct_yaml_map
    value = self.construct_mapping(node)
  File "/usr/lib/python3/dist-packages/yaml/constructor.py", line 218, in construct_mapping
    return super().construct_mapping(node, deep=deep)
  File "/usr/lib/python3/dist-packages/yaml/constructor.py", line 143, in construct_mapping
    value = self.construct_object(value_node, deep=deep)
  File "/usr/lib/python3/dist-packages/yaml/constructor.py", line 102, in construct_object
    data = constructor(self, tag_suffix, node)
  File "/usr/lib/python3/dist-packages/yaml/constructor.py", line 570, in construct_python_name
    return self.find_python_name(suffix, node.start_mark)
  File "/usr/lib/python3/dist-packages/yaml/constructor.py", line 719, in find_python_name
    return super(UnsafeConstructor, self).find_python_name(name, mark, unsafe=True)
  File "/usr/lib/python3/dist-packages/yaml/constructor.py", line 553, in find_python_name
    raise ConstructorError("while constructing a Python object", mark,
yaml.constructor.ConstructorError: while constructing a Python object
cannot find module 'material.extensions.emoji' (No module named 'material.extensions')
  in "/home/pit/Docs_tech/mkdocs.yml", line 121, column 24

During handling of the above exception, another exception occurred:

Traceback (most recent call last):
  File "/usr/lib/python3.10/asyncio/events.py", line 80, in _run
    self._context.run(self._callback, *self._args)
  File "/usr/lib/python3/dist-packages/tornado/platform/asyncio.py", line 189, in _handle_events
    handler_func(fileobj, events)
  File "/usr/lib/python3/dist-packages/pyinotify.py", line 1560, in handle_read
    self.process_events()
  File "/usr/lib/python3/dist-packages/pyinotify.py", line 1275, in process_events
    self._default_proc_fun(revent)
  File "/usr/lib/python3/dist-packages/livereload/watcher.py", line 231, in inotify_event
    self.callback()
  File "/usr/lib/python3/dist-packages/livereload/handlers.py", line 69, in poll_tasks
    filepath, delay = cls.watcher.examine()
  File "/usr/lib/python3/dist-packages/livereload/watcher.py", line 119, in examine
    func()
  File "/usr/lib/python3/dist-packages/mkdocs/commands/serve.py", line 122, in builder
    config = load_config(
  File "/usr/lib/python3/dist-packages/mkdocs/config/base.py", line 193, in load_config
    cfg.load_file(config_file)
  File "/usr/lib/python3/dist-packages/mkdocs/config/base.py", line 137, in load_file
    raise exceptions.ConfigurationError(
mkdocs.exceptions.ConfigurationError: MkDocs encountered as error parsing the configuration file: while constructing a Python object
cannot find module 'material.extensions.emoji' (No module named 'material.extensions')
  in "/home/pit/Docs_tech/mkdocs.yml", line 121, column 24
[I 250911 17:12:50 watcher:110] Running task: builder (delay: None)
INFO    -  Building documentation... 
Exception in callback BaseAsyncIOLoop._handle_events(3, 1)
handle: <Handle BaseAsyncIOLoop._handle_events(3, 1)>
Traceback (most recent call last):
  File "/usr/lib/python3/dist-packages/yaml/constructor.py", line 551, in find_python_name
    __import__(module_name)
ModuleNotFoundError: No module named 'material.extensions'

During handling of the above exception, another exception occurred:

Traceback (most recent call last):
  File "/usr/lib/python3/dist-packages/mkdocs/config/base.py", line 134, in load_file
    return self.load_dict(utils.yaml_load(config_file))
  File "/usr/lib/python3/dist-packages/mkdocs/utils/__init__.py", line 59, in yaml_load
    return yaml.load(source, Loader)
  File "/usr/lib/python3/dist-packages/yaml/__init__.py", line 114, in load
    return loader.get_single_data()
  File "/usr/lib/python3/dist-packages/yaml/constructor.py", line 51, in get_single_data
    return self.construct_document(node)
  File "/usr/lib/python3/dist-packages/yaml/constructor.py", line 60, in construct_document
    for dummy in generator:
  File "/usr/lib/python3/dist-packages/yaml/constructor.py", line 413, in construct_yaml_map
    value = self.construct_mapping(node)
  File "/usr/lib/python3/dist-packages/yaml/constructor.py", line 218, in construct_mapping
    return super().construct_mapping(node, deep=deep)
  File "/usr/lib/python3/dist-packages/yaml/constructor.py", line 143, in construct_mapping
    value = self.construct_object(value_node, deep=deep)
  File "/usr/lib/python3/dist-packages/yaml/constructor.py", line 102, in construct_object
    data = constructor(self, tag_suffix, node)
  File "/usr/lib/python3/dist-packages/yaml/constructor.py", line 570, in construct_python_name
    return self.find_python_name(suffix, node.start_mark)
  File "/usr/lib/python3/dist-packages/yaml/constructor.py", line 719, in find_python_name
    return super(UnsafeConstructor, self).find_python_name(name, mark, unsafe=True)
  File "/usr/lib/python3/dist-packages/yaml/constructor.py", line 553, in find_python_name
    raise ConstructorError("while constructing a Python object", mark,
yaml.constructor.ConstructorError: while constructing a Python object
cannot find module 'material.extensions.emoji' (No module named 'material.extensions')
  in "/home/pit/Docs_tech/mkdocs.yml", line 121, column 24

During handling of the above exception, another exception occurred:

Traceback (most recent call last):
  File "/usr/lib/python3.10/asyncio/events.py", line 80, in _run
    self._context.run(self._callback, *self._args)
  File "/usr/lib/python3/dist-packages/tornado/platform/asyncio.py", line 189, in _handle_events
    handler_func(fileobj, events)
  File "/usr/lib/python3/dist-packages/pyinotify.py", line 1560, in handle_read
    self.process_events()
  File "/usr/lib/python3/dist-packages/pyinotify.py", line 1275, in process_events
    self._default_proc_fun(revent)
  File "/usr/lib/python3/dist-packages/livereload/watcher.py", line 231, in inotify_event
    self.callback()
  File "/usr/lib/python3/dist-packages/livereload/handlers.py", line 69, in poll_tasks
    filepath, delay = cls.watcher.examine()
  File "/usr/lib/python3/dist-packages/livereload/watcher.py", line 119, in examine
    func()
  File "/usr/lib/python3/dist-packages/mkdocs/commands/serve.py", line 122, in builder
    config = load_config(
  File "/usr/lib/python3/dist-packages/mkdocs/config/base.py", line 193, in load_config
    cfg.load_file(config_file)
  File "/usr/lib/python3/dist-packages/mkdocs/config/base.py", line 137, in load_file
    raise exceptions.ConfigurationError(
mkdocs.exceptions.ConfigurationError: MkDocs encountered as error parsing the configuration file: while constructing a Python object
cannot find module 'material.extensions.emoji' (No module named 'material.extensions')
  in "/home/pit/Docs_tech/mkdocs.yml", line 121, column 24
[I 250911 17:12:50 watcher:110] Running task: builder (delay: None)
INFO    -  Building documentation... 
Exception in callback BaseAsyncIOLoop._handle_events(3, 1)
handle: <Handle BaseAsyncIOLoop._handle_events(3, 1)>
Traceback (most recent call last):
  File "/usr/lib/python3/dist-packages/yaml/constructor.py", line 551, in find_python_name
    __import__(module_name)
ModuleNotFoundError: No module named 'material.extensions'

During handling of the above exception, another exception occurred:

Traceback (most recent call last):
  File "/usr/lib/python3/dist-packages/mkdocs/config/base.py", line 134, in load_file
    return self.load_dict(utils.yaml_load(config_file))
  File "/usr/lib/python3/dist-packages/mkdocs/utils/__init__.py", line 59, in yaml_load
    return yaml.load(source, Loader)
  File "/usr/lib/python3/dist-packages/yaml/__init__.py", line 114, in load
    return loader.get_single_data()
  File "/usr/lib/python3/dist-packages/yaml/constructor.py", line 51, in get_single_data
    return self.construct_document(node)
  File "/usr/lib/python3/dist-packages/yaml/constructor.py", line 60, in construct_document
    for dummy in generator:
  File "/usr/lib/python3/dist-packages/yaml/constructor.py", line 413, in construct_yaml_map
    value = self.construct_mapping(node)
  File "/usr/lib/python3/dist-packages/yaml/constructor.py", line 218, in construct_mapping
    return super().construct_mapping(node, deep=deep)
  File "/usr/lib/python3/dist-packages/yaml/constructor.py", line 143, in construct_mapping
    value = self.construct_object(value_node, deep=deep)
  File "/usr/lib/python3/dist-packages/yaml/constructor.py", line 102, in construct_object
    data = constructor(self, tag_suffix, node)
  File "/usr/lib/python3/dist-packages/yaml/constructor.py", line 570, in construct_python_name
    return self.find_python_name(suffix, node.start_mark)
  File "/usr/lib/python3/dist-packages/yaml/constructor.py", line 719, in find_python_name
    return super(UnsafeConstructor, self).find_python_name(name, mark, unsafe=True)
  File "/usr/lib/python3/dist-packages/yaml/constructor.py", line 553, in find_python_name
    raise ConstructorError("while constructing a Python object", mark,
yaml.constructor.ConstructorError: while constructing a Python object
cannot find module 'material.extensions.emoji' (No module named 'material.extensions')
  in "/home/pit/Docs_tech/mkdocs.yml", line 121, column 24

During handling of the above exception, another exception occurred:

Traceback (most recent call last):
  File "/usr/lib/python3.10/asyncio/events.py", line 80, in _run
    self._context.run(self._callback, *self._args)
  File "/usr/lib/python3/dist-packages/tornado/platform/asyncio.py", line 189, in _handle_events
    handler_func(fileobj, events)
  File "/usr/lib/python3/dist-packages/pyinotify.py", line 1560, in handle_read
    self.process_events()
  File "/usr/lib/python3/dist-packages/pyinotify.py", line 1275, in process_events
    self._default_proc_fun(revent)
  File "/usr/lib/python3/dist-packages/livereload/watcher.py", line 231, in inotify_event
    self.callback()
  File "/usr/lib/python3/dist-packages/livereload/handlers.py", line 69, in poll_tasks
    filepath, delay = cls.watcher.examine()
  File "/usr/lib/python3/dist-packages/livereload/watcher.py", line 119, in examine
    func()
  File "/usr/lib/python3/dist-packages/mkdocs/commands/serve.py", line 122, in builder
    config = load_config(
  File "/usr/lib/python3/dist-packages/mkdocs/config/base.py", line 193, in load_config
    cfg.load_file(config_file)
  File "/usr/lib/python3/dist-packages/mkdocs/config/base.py", line 137, in load_file
    raise exceptions.ConfigurationError(
mkdocs.exceptions.ConfigurationError: MkDocs encountered as error parsing the configuration file: while constructing a Python object
cannot find module 'material.extensions.emoji' (No module named 'material.extensions')
  in "/home/pit/Docs_tech/mkdocs.yml", line 121, column 24
[I 250911 17:14:03 watcher:110] Running task: builder (delay: None)
INFO    -  Building documentation... 
Exception in callback BaseAsyncIOLoop._handle_events(3, 1)
handle: <Handle BaseAsyncIOLoop._handle_events(3, 1)>
Traceback (most recent call last):
  File "/usr/lib/python3/dist-packages/yaml/constructor.py", line 551, in find_python_name
    __import__(module_name)
ModuleNotFoundError: No module named 'material.extensions'

During handling of the above exception, another exception occurred:

Traceback (most recent call last):
  File "/usr/lib/python3/dist-packages/mkdocs/config/base.py", line 134, in load_file
    return self.load_dict(utils.yaml_load(config_file))
  File "/usr/lib/python3/dist-packages/mkdocs/utils/__init__.py", line 59, in yaml_load
    return yaml.load(source, Loader)
  File "/usr/lib/python3/dist-packages/yaml/__init__.py", line 114, in load
    return loader.get_single_data()
  File "/usr/lib/python3/dist-packages/yaml/constructor.py", line 51, in get_single_data
    return self.construct_document(node)
  File "/usr/lib/python3/dist-packages/yaml/constructor.py", line 60, in construct_document
    for dummy in generator:
  File "/usr/lib/python3/dist-packages/yaml/constructor.py", line 413, in construct_yaml_map
    value = self.construct_mapping(node)
  File "/usr/lib/python3/dist-packages/yaml/constructor.py", line 218, in construct_mapping
    return super().construct_mapping(node, deep=deep)
  File "/usr/lib/python3/dist-packages/yaml/constructor.py", line 143, in construct_mapping
    value = self.construct_object(value_node, deep=deep)
  File "/usr/lib/python3/dist-packages/yaml/constructor.py", line 102, in construct_object
    data = constructor(self, tag_suffix, node)
  File "/usr/lib/python3/dist-packages/yaml/constructor.py", line 570, in construct_python_name
    return self.find_python_name(suffix, node.start_mark)
  File "/usr/lib/python3/dist-packages/yaml/constructor.py", line 719, in find_python_name
    return super(UnsafeConstructor, self).find_python_name(name, mark, unsafe=True)
  File "/usr/lib/python3/dist-packages/yaml/constructor.py", line 553, in find_python_name
    raise ConstructorError("while constructing a Python object", mark,
yaml.constructor.ConstructorError: while constructing a Python object
cannot find module 'material.extensions.emoji' (No module named 'material.extensions')
  in "/home/pit/Docs_tech/mkdocs.yml", line 121, column 24

During handling of the above exception, another exception occurred:

Traceback (most recent call last):
  File "/usr/lib/python3.10/asyncio/events.py", line 80, in _run
    self._context.run(self._callback, *self._args)
  File "/usr/lib/python3/dist-packages/tornado/platform/asyncio.py", line 189, in _handle_events
    handler_func(fileobj, events)
  File "/usr/lib/python3/dist-packages/pyinotify.py", line 1560, in handle_read
    self.process_events()
  File "/usr/lib/python3/dist-packages/pyinotify.py", line 1275, in process_events
    self._default_proc_fun(revent)
  File "/usr/lib/python3/dist-packages/livereload/watcher.py", line 231, in inotify_event
    self.callback()
  File "/usr/lib/python3/dist-packages/livereload/handlers.py", line 69, in poll_tasks
    filepath, delay = cls.watcher.examine()
  File "/usr/lib/python3/dist-packages/livereload/watcher.py", line 119, in examine
    func()
  File "/usr/lib/python3/dist-packages/mkdocs/commands/serve.py", line 122, in builder
    config = load_config(
  File "/usr/lib/python3/dist-packages/mkdocs/config/base.py", line 193, in load_config
    cfg.load_file(config_file)
  File "/usr/lib/python3/dist-packages/mkdocs/config/base.py", line 137, in load_file
    raise exceptions.ConfigurationError(
mkdocs.exceptions.ConfigurationError: MkDocs encountered as error parsing the configuration file: while constructing a Python object
cannot find module 'material.extensions.emoji' (No module named 'material.extensions')
  in "/home/pit/Docs_tech/mkdocs.yml", line 121, column 24
[I 250911 17:14:55 watcher:110] Running task: builder (delay: None)
INFO    -  Building documentation... 
WARNING -  Config value: 'hooks'. Warning: Unrecognised configuration name: hooks 
WARNING -  Config value: 'not_in_nav'. Warning: Unrecognised configuration name: not_in_nav 
ERROR   -  Config value: 'theme'. Error: Unrecognised theme name: 'material'. The available installed themes are: mkdocs, readthedocs 
ERROR   -  Config value: 'plugins'. Error: The "blog" plugin is not installed 
Exception in callback BaseAsyncIOLoop._handle_events(3, 1)
handle: <Handle BaseAsyncIOLoop._handle_events(3, 1)>
Traceback (most recent call last):
  File "/usr/lib/python3.10/asyncio/events.py", line 80, in _run
    self._context.run(self._callback, *self._args)
  File "/usr/lib/python3/dist-packages/tornado/platform/asyncio.py", line 189, in _handle_events
    handler_func(fileobj, events)
  File "/usr/lib/python3/dist-packages/pyinotify.py", line 1560, in handle_read
    self.process_events()
  File "/usr/lib/python3/dist-packages/pyinotify.py", line 1275, in process_events
    self._default_proc_fun(revent)
  File "/usr/lib/python3/dist-packages/livereload/watcher.py", line 231, in inotify_event
    self.callback()
  File "/usr/lib/python3/dist-packages/livereload/handlers.py", line 69, in poll_tasks
    filepath, delay = cls.watcher.examine()
  File "/usr/lib/python3/dist-packages/livereload/watcher.py", line 119, in examine
    func()
  File "/usr/lib/python3/dist-packages/mkdocs/commands/serve.py", line 122, in builder
    config = load_config(
  File "/usr/lib/python3/dist-packages/mkdocs/config/base.py", line 209, in load_config
    raise exceptions.ConfigurationError(
mkdocs.exceptions.ConfigurationError: Aborted with 2 Configuration Errors!
[I 250911 17:14:55 watcher:110] Running task: builder (delay: None)
INFO    -  Building documentation... 
WARNING -  Config value: 'hooks'. Warning: Unrecognised configuration name: hooks 
WARNING -  Config value: 'not_in_nav'. Warning: Unrecognised configuration name: not_in_nav 
ERROR   -  Config value: 'theme'. Error: Unrecognised theme name: 'material'. The available installed themes are: mkdocs, readthedocs 
ERROR   -  Config value: 'plugins'. Error: The "blog" plugin is not installed 
Exception in callback BaseAsyncIOLoop._handle_events(3, 1)
handle: <Handle BaseAsyncIOLoop._handle_events(3, 1)>
Traceback (most recent call last):
  File "/usr/lib/python3.10/asyncio/events.py", line 80, in _run
    self._context.run(self._callback, *self._args)
  File "/usr/lib/python3/dist-packages/tornado/platform/asyncio.py", line 189, in _handle_events
    handler_func(fileobj, events)
  File "/usr/lib/python3/dist-packages/pyinotify.py", line 1560, in handle_read
    self.process_events()
  File "/usr/lib/python3/dist-packages/pyinotify.py", line 1275, in process_events
    self._default_proc_fun(revent)
  File "/usr/lib/python3/dist-packages/livereload/watcher.py", line 231, in inotify_event
    self.callback()
  File "/usr/lib/python3/dist-packages/livereload/handlers.py", line 69, in poll_tasks
    filepath, delay = cls.watcher.examine()
  File "/usr/lib/python3/dist-packages/livereload/watcher.py", line 119, in examine
    func()
  File "/usr/lib/python3/dist-packages/mkdocs/commands/serve.py", line 122, in builder
    config = load_config(
  File "/usr/lib/python3/dist-packages/mkdocs/config/base.py", line 209, in load_config
    raise exceptions.ConfigurationError(
mkdocs.exceptions.ConfigurationError: Aborted with 2 Configuration Errors!
Traceback (most recent call last):
  File "/usr/local/bin/mkdocs", line 8, in <module>
    sys.exit(cli())
  File "/usr/lib/python3/dist-packages/click/core.py", line 1128, in __call__
    return self.main(*args, **kwargs)
  File "/usr/lib/python3/dist-packages/click/core.py", line 1053, in main
    rv = self.invoke(ctx)
  File "/usr/lib/python3/dist-packages/click/core.py", line 1659, in invoke
    return _process_result(sub_ctx.command.invoke(sub_ctx))
  File "/usr/lib/python3/dist-packages/click/core.py", line 1395, in invoke
    return ctx.invoke(self.callback, **ctx.params)
  File "/usr/lib/python3/dist-packages/click/core.py", line 754, in invoke
    return __callback(*args, **kwargs)
  File "/usr/local/lib/python3.10/dist-packages/mkdocs/__main__.py", line 272, in serve_command
    serve.serve(**kwargs)
  File "/usr/local/lib/python3.10/dist-packages/mkdocs/commands/serve.py", line 54, in serve
    config = get_config()
  File "/usr/local/lib/python3.10/dist-packages/mkdocs/commands/serve.py", line 43, in get_config
    config = load_config(
  File "/usr/local/lib/python3.10/dist-packages/mkdocs/config/base.py", line 374, in load_config
    errors, warnings = cfg.validate()
  File "/usr/local/lib/python3.10/dist-packages/mkdocs/config/base.py", line 231, in validate
    run_failed, run_warnings = self._validate()
  File "/usr/local/lib/python3.10/dist-packages/mkdocs/config/base.py", line 188, in _validate
    self[key] = config_option.validate(value)
  File "/usr/local/lib/python3.10/dist-packages/mkdocs/config/base.py", line 55, in validate
    return self.run_validation(value)
  File "/usr/local/lib/python3.10/dist-packages/mkdocs/config/config_options.py", line 858, in run_validation
    return theme.Theme(**theme_config)
  File "/usr/local/lib/python3.10/dist-packages/mkdocs/theme.py", line 61, in __init__
    self._load_theme_config(name)
  File "/usr/local/lib/python3.10/dist-packages/mkdocs/theme.py", line 126, in _load_theme_config
    theme_dir = utils.get_theme_dir(name)
  File "/usr/local/lib/python3.10/dist-packages/mkdocs/utils/__init__.py", line 259, in get_theme_dir
    return os.path.dirname(os.path.abspath(theme.load().__file__))
  File "/usr/lib/python3.10/importlib/metadata/__init__.py", line 171, in load
    module = import_module(match.group('module'))
  File "/usr/lib/python3.10/importlib/__init__.py", line 126, in import_module
    return _bootstrap._gcd_import(name[level:], package, level)
  File "<frozen importlib._bootstrap>", line 1050, in _gcd_import
  File "<frozen importlib._bootstrap>", line 1027, in _find_and_load
  File "<frozen importlib._bootstrap>", line 1004, in _find_and_load_unlocked
ModuleNotFoundError: No module named 'material.templates'
Traceback (most recent call last):
  File "/usr/local/bin/mkdocs", line 8, in <module>
    sys.exit(cli())
  File "/usr/lib/python3/dist-packages/click/core.py", line 1128, in __call__
    return self.main(*args, **kwargs)
  File "/usr/lib/python3/dist-packages/click/core.py", line 1053, in main
    rv = self.invoke(ctx)
  File "/usr/lib/python3/dist-packages/click/core.py", line 1659, in invoke
    return _process_result(sub_ctx.command.invoke(sub_ctx))
  File "/usr/lib/python3/dist-packages/click/core.py", line 1395, in invoke
    return ctx.invoke(self.callback, **ctx.params)
  File "/usr/lib/python3/dist-packages/click/core.py", line 754, in invoke
    return __callback(*args, **kwargs)
  File "/usr/local/lib/python3.10/dist-packages/mkdocs/__main__.py", line 272, in serve_command
    serve.serve(**kwargs)
  File "/usr/local/lib/python3.10/dist-packages/mkdocs/commands/serve.py", line 54, in serve
    config = get_config()
  File "/usr/local/lib/python3.10/dist-packages/mkdocs/commands/serve.py", line 43, in get_config
    config = load_config(
  File "/usr/local/lib/python3.10/dist-packages/mkdocs/config/base.py", line 374, in load_config
    errors, warnings = cfg.validate()
  File "/usr/local/lib/python3.10/dist-packages/mkdocs/config/base.py", line 231, in validate
    run_failed, run_warnings = self._validate()
  File "/usr/local/lib/python3.10/dist-packages/mkdocs/config/base.py", line 188, in _validate
    self[key] = config_option.validate(value)
  File "/usr/local/lib/python3.10/dist-packages/mkdocs/config/base.py", line 55, in validate
    return self.run_validation(value)
  File "/usr/local/lib/python3.10/dist-packages/mkdocs/config/config_options.py", line 858, in run_validation
    return theme.Theme(**theme_config)
  File "/usr/local/lib/python3.10/dist-packages/mkdocs/theme.py", line 61, in __init__
    self._load_theme_config(name)
  File "/usr/local/lib/python3.10/dist-packages/mkdocs/theme.py", line 126, in _load_theme_config
    theme_dir = utils.get_theme_dir(name)
  File "/usr/local/lib/python3.10/dist-packages/mkdocs/utils/__init__.py", line 259, in get_theme_dir
    return os.path.dirname(os.path.abspath(theme.load().__file__))
  File "/usr/lib/python3.10/importlib/metadata/__init__.py", line 171, in load
    module = import_module(match.group('module'))
  File "/usr/lib/python3.10/importlib/__init__.py", line 126, in import_module
    return _bootstrap._gcd_import(name[level:], package, level)
  File "<frozen importlib._bootstrap>", line 1050, in _gcd_import
  File "<frozen importlib._bootstrap>", line 1027, in _find_and_load
  File "<frozen importlib._bootstrap>", line 1004, in _find_and_load_unlocked
ModuleNotFoundError: No module named 'material.templates'
Traceback (most recent call last):
  File "/usr/local/bin/mkdocs", line 8, in <module>
    sys.exit(cli())
  File "/usr/lib/python3/dist-packages/click/core.py", line 1128, in __call__
    return self.main(*args, **kwargs)
  File "/usr/lib/python3/dist-packages/click/core.py", line 1053, in main
    rv = self.invoke(ctx)
  File "/usr/lib/python3/dist-packages/click/core.py", line 1659, in invoke
    return _process_result(sub_ctx.command.invoke(sub_ctx))
  File "/usr/lib/python3/dist-packages/click/core.py", line 1395, in invoke
    return ctx.invoke(self.callback, **ctx.params)
  File "/usr/lib/python3/dist-packages/click/core.py", line 754, in invoke
    return __callback(*args, **kwargs)
  File "/usr/local/lib/python3.10/dist-packages/mkdocs/__main__.py", line 272, in serve_command
    serve.serve(**kwargs)
  File "/usr/local/lib/python3.10/dist-packages/mkdocs/commands/serve.py", line 54, in serve
    config = get_config()
  File "/usr/local/lib/python3.10/dist-packages/mkdocs/commands/serve.py", line 43, in get_config
    config = load_config(
  File "/usr/local/lib/python3.10/dist-packages/mkdocs/config/base.py", line 374, in load_config
    errors, warnings = cfg.validate()
  File "/usr/local/lib/python3.10/dist-packages/mkdocs/config/base.py", line 231, in validate
    run_failed, run_warnings = self._validate()
  File "/usr/local/lib/python3.10/dist-packages/mkdocs/config/base.py", line 188, in _validate
    self[key] = config_option.validate(value)
  File "/usr/local/lib/python3.10/dist-packages/mkdocs/config/base.py", line 55, in validate
    return self.run_validation(value)
  File "/usr/local/lib/python3.10/dist-packages/mkdocs/config/config_options.py", line 858, in run_validation
    return theme.Theme(**theme_config)
  File "/usr/local/lib/python3.10/dist-packages/mkdocs/theme.py", line 61, in __init__
    self._load_theme_config(name)
  File "/usr/local/lib/python3.10/dist-packages/mkdocs/theme.py", line 126, in _load_theme_config
    theme_dir = utils.get_theme_dir(name)
  File "/usr/local/lib/python3.10/dist-packages/mkdocs/utils/__init__.py", line 259, in get_theme_dir
    return os.path.dirname(os.path.abspath(theme.load().__file__))
  File "/usr/lib/python3.10/importlib/metadata/__init__.py", line 171, in load
    module = import_module(match.group('module'))
  File "/usr/lib/python3.10/importlib/__init__.py", line 126, in import_module
    return _bootstrap._gcd_import(name[level:], package, level)
  File "<frozen importlib._bootstrap>", line 1050, in _gcd_import
  File "<frozen importlib._bootstrap>", line 1027, in _find_and_load
  File "<frozen importlib._bootstrap>", line 1004, in _find_and_load_unlocked
ModuleNotFoundError: No module named 'material.templates'
Traceback (most recent call last):
  File "/usr/local/bin/mkdocs", line 8, in <module>
    sys.exit(cli())
  File "/usr/lib/python3/dist-packages/click/core.py", line 1128, in __call__
    return self.main(*args, **kwargs)
  File "/usr/lib/python3/dist-packages/click/core.py", line 1053, in main
    rv = self.invoke(ctx)
  File "/usr/lib/python3/dist-packages/click/core.py", line 1659, in invoke
    return _process_result(sub_ctx.command.invoke(sub_ctx))
  File "/usr/lib/python3/dist-packages/click/core.py", line 1395, in invoke
    return ctx.invoke(self.callback, **ctx.params)
  File "/usr/lib/python3/dist-packages/click/core.py", line 754, in invoke
    return __callback(*args, **kwargs)
  File "/usr/local/lib/python3.10/dist-packages/mkdocs/__main__.py", line 272, in serve_command
    serve.serve(**kwargs)
  File "/usr/local/lib/python3.10/dist-packages/mkdocs/commands/serve.py", line 54, in serve
    config = get_config()
  File "/usr/local/lib/python3.10/dist-packages/mkdocs/commands/serve.py", line 43, in get_config
    config = load_config(
  File "/usr/local/lib/python3.10/dist-packages/mkdocs/config/base.py", line 374, in load_config
    errors, warnings = cfg.validate()
  File "/usr/local/lib/python3.10/dist-packages/mkdocs/config/base.py", line 231, in validate
    run_failed, run_warnings = self._validate()
  File "/usr/local/lib/python3.10/dist-packages/mkdocs/config/base.py", line 188, in _validate
    self[key] = config_option.validate(value)
  File "/usr/local/lib/python3.10/dist-packages/mkdocs/config/base.py", line 55, in validate
    return self.run_validation(value)
  File "/usr/local/lib/python3.10/dist-packages/mkdocs/config/config_options.py", line 858, in run_validation
    return theme.Theme(**theme_config)
  File "/usr/local/lib/python3.10/dist-packages/mkdocs/theme.py", line 61, in __init__
    self._load_theme_config(name)
  File "/usr/local/lib/python3.10/dist-packages/mkdocs/theme.py", line 126, in _load_theme_config
    theme_dir = utils.get_theme_dir(name)
  File "/usr/local/lib/python3.10/dist-packages/mkdocs/utils/__init__.py", line 259, in get_theme_dir
    return os.path.dirname(os.path.abspath(theme.load().__file__))
  File "/usr/lib/python3.10/importlib/metadata/__init__.py", line 171, in load
    module = import_module(match.group('module'))
  File "/usr/lib/python3.10/importlib/__init__.py", line 126, in import_module
    return _bootstrap._gcd_import(name[level:], package, level)
  File "<frozen importlib._bootstrap>", line 1050, in _gcd_import
  File "<frozen importlib._bootstrap>", line 1027, in _find_and_load
  File "<frozen importlib._bootstrap>", line 1004, in _find_and_load_unlocked
ModuleNotFoundError: No module named 'material.templates'
Traceback (most recent call last):
  File "/usr/local/bin/mkdocs", line 8, in <module>
    sys.exit(cli())
  File "/usr/lib/python3/dist-packages/click/core.py", line 1128, in __call__
    return self.main(*args, **kwargs)
  File "/usr/lib/python3/dist-packages/click/core.py", line 1053, in main
    rv = self.invoke(ctx)
  File "/usr/lib/python3/dist-packages/click/core.py", line 1659, in invoke
    return _process_result(sub_ctx.command.invoke(sub_ctx))
  File "/usr/lib/python3/dist-packages/click/core.py", line 1395, in invoke
    return ctx.invoke(self.callback, **ctx.params)
  File "/usr/lib/python3/dist-packages/click/core.py", line 754, in invoke
    return __callback(*args, **kwargs)
  File "/usr/local/lib/python3.10/dist-packages/mkdocs/__main__.py", line 272, in serve_command
    serve.serve(**kwargs)
  File "/usr/local/lib/python3.10/dist-packages/mkdocs/commands/serve.py", line 54, in serve
    config = get_config()
  File "/usr/local/lib/python3.10/dist-packages/mkdocs/commands/serve.py", line 43, in get_config
    config = load_config(
  File "/usr/local/lib/python3.10/dist-packages/mkdocs/config/base.py", line 374, in load_config
    errors, warnings = cfg.validate()
  File "/usr/local/lib/python3.10/dist-packages/mkdocs/config/base.py", line 231, in validate
    run_failed, run_warnings = self._validate()
  File "/usr/local/lib/python3.10/dist-packages/mkdocs/config/base.py", line 188, in _validate
    self[key] = config_option.validate(value)
  File "/usr/local/lib/python3.10/dist-packages/mkdocs/config/base.py", line 55, in validate
    return self.run_validation(value)
  File "/usr/local/lib/python3.10/dist-packages/mkdocs/config/config_options.py", line 858, in run_validation
    return theme.Theme(**theme_config)
  File "/usr/local/lib/python3.10/dist-packages/mkdocs/theme.py", line 61, in __init__
    self._load_theme_config(name)
  File "/usr/local/lib/python3.10/dist-packages/mkdocs/theme.py", line 126, in _load_theme_config
    theme_dir = utils.get_theme_dir(name)
  File "/usr/local/lib/python3.10/dist-packages/mkdocs/utils/__init__.py", line 259, in get_theme_dir
    return os.path.dirname(os.path.abspath(theme.load().__file__))
  File "/usr/lib/python3.10/importlib/metadata/__init__.py", line 171, in load
    module = import_module(match.group('module'))
  File "/usr/lib/python3.10/importlib/__init__.py", line 126, in import_module
    return _bootstrap._gcd_import(name[level:], package, level)
  File "<frozen importlib._bootstrap>", line 1050, in _gcd_import
  File "<frozen importlib._bootstrap>", line 1027, in _find_and_load
  File "<frozen importlib._bootstrap>", line 1004, in _find_and_load_unlocked
ModuleNotFoundError: No module named 'material.templates'
Traceback (most recent call last):
  File "/usr/local/bin/mkdocs", line 8, in <module>
    sys.exit(cli())
  File "/usr/lib/python3/dist-packages/click/core.py", line 1128, in __call__
    return self.main(*args, **kwargs)
  File "/usr/lib/python3/dist-packages/click/core.py", line 1053, in main
    rv = self.invoke(ctx)
  File "/usr/lib/python3/dist-packages/click/core.py", line 1659, in invoke
    return _process_result(sub_ctx.command.invoke(sub_ctx))
  File "/usr/lib/python3/dist-packages/click/core.py", line 1395, in invoke
    return ctx.invoke(self.callback, **ctx.params)
  File "/usr/lib/python3/dist-packages/click/core.py", line 754, in invoke
    return __callback(*args, **kwargs)
  File "/usr/local/lib/python3.10/dist-packages/mkdocs/__main__.py", line 272, in serve_command
    serve.serve(**kwargs)
  File "/usr/local/lib/python3.10/dist-packages/mkdocs/commands/serve.py", line 54, in serve
    config = get_config()
  File "/usr/local/lib/python3.10/dist-packages/mkdocs/commands/serve.py", line 43, in get_config
    config = load_config(
  File "/usr/local/lib/python3.10/dist-packages/mkdocs/config/base.py", line 374, in load_config
    errors, warnings = cfg.validate()
  File "/usr/local/lib/python3.10/dist-packages/mkdocs/config/base.py", line 231, in validate
    run_failed, run_warnings = self._validate()
  File "/usr/local/lib/python3.10/dist-packages/mkdocs/config/base.py", line 188, in _validate
    self[key] = config_option.validate(value)
  File "/usr/local/lib/python3.10/dist-packages/mkdocs/config/base.py", line 55, in validate
    return self.run_validation(value)
  File "/usr/local/lib/python3.10/dist-packages/mkdocs/config/config_options.py", line 858, in run_validation
    return theme.Theme(**theme_config)
  File "/usr/local/lib/python3.10/dist-packages/mkdocs/theme.py", line 61, in __init__
    self._load_theme_config(name)
  File "/usr/local/lib/python3.10/dist-packages/mkdocs/theme.py", line 126, in _load_theme_config
    theme_dir = utils.get_theme_dir(name)
  File "/usr/local/lib/python3.10/dist-packages/mkdocs/utils/__init__.py", line 259, in get_theme_dir
    return os.path.dirname(os.path.abspath(theme.load().__file__))
  File "/usr/lib/python3.10/importlib/metadata/__init__.py", line 171, in load
    module = import_module(match.group('module'))
  File "/usr/lib/python3.10/importlib/__init__.py", line 126, in import_module
    return _bootstrap._gcd_import(name[level:], package, level)
  File "<frozen importlib._bootstrap>", line 1050, in _gcd_import
  File "<frozen importlib._bootstrap>", line 1027, in _find_and_load
  File "<frozen importlib._bootstrap>", line 1004, in _find_and_load_unlocked
ModuleNotFoundError: No module named 'material.templates'
Traceback (most recent call last):
  File "/usr/local/bin/mkdocs", line 8, in <module>
    sys.exit(cli())
  File "/usr/lib/python3/dist-packages/click/core.py", line 1128, in __call__
    return self.main(*args, **kwargs)
  File "/usr/lib/python3/dist-packages/click/core.py", line 1053, in main
    rv = self.invoke(ctx)
  File "/usr/lib/python3/dist-packages/click/core.py", line 1659, in invoke
    return _process_result(sub_ctx.command.invoke(sub_ctx))
  File "/usr/lib/python3/dist-packages/click/core.py", line 1395, in invoke
    return ctx.invoke(self.callback, **ctx.params)
  File "/usr/lib/python3/dist-packages/click/core.py", line 754, in invoke
    return __callback(*args, **kwargs)
  File "/usr/local/lib/python3.10/dist-packages/mkdocs/__main__.py", line 272, in serve_command
    serve.serve(**kwargs)
  File "/usr/local/lib/python3.10/dist-packages/mkdocs/commands/serve.py", line 54, in serve
    config = get_config()
  File "/usr/local/lib/python3.10/dist-packages/mkdocs/commands/serve.py", line 43, in get_config
    config = load_config(
  File "/usr/local/lib/python3.10/dist-packages/mkdocs/config/base.py", line 374, in load_config
    errors, warnings = cfg.validate()
  File "/usr/local/lib/python3.10/dist-packages/mkdocs/config/base.py", line 231, in validate
    run_failed, run_warnings = self._validate()
  File "/usr/local/lib/python3.10/dist-packages/mkdocs/config/base.py", line 188, in _validate
    self[key] = config_option.validate(value)
  File "/usr/local/lib/python3.10/dist-packages/mkdocs/config/base.py", line 55, in validate
    return self.run_validation(value)
  File "/usr/local/lib/python3.10/dist-packages/mkdocs/config/config_options.py", line 858, in run_validation
    return theme.Theme(**theme_config)
  File "/usr/local/lib/python3.10/dist-packages/mkdocs/theme.py", line 61, in __init__
    self._load_theme_config(name)
  File "/usr/local/lib/python3.10/dist-packages/mkdocs/theme.py", line 126, in _load_theme_config
    theme_dir = utils.get_theme_dir(name)
  File "/usr/local/lib/python3.10/dist-packages/mkdocs/utils/__init__.py", line 259, in get_theme_dir
    return os.path.dirname(os.path.abspath(theme.load().__file__))
  File "/usr/lib/python3.10/importlib/metadata/__init__.py", line 171, in load
    module = import_module(match.group('module'))
  File "/usr/lib/python3.10/importlib/__init__.py", line 126, in import_module
    return _bootstrap._gcd_import(name[level:], package, level)
  File "<frozen importlib._bootstrap>", line 1050, in _gcd_import
  File "<frozen importlib._bootstrap>", line 1027, in _find_and_load
  File "<frozen importlib._bootstrap>", line 1004, in _find_and_load_unlocked
ModuleNotFoundError: No module named 'material.templates'
Traceback (most recent call last):
  File "/usr/local/bin/mkdocs", line 8, in <module>
    sys.exit(cli())
  File "/usr/lib/python3/dist-packages/click/core.py", line 1128, in __call__
    return self.main(*args, **kwargs)
  File "/usr/lib/python3/dist-packages/click/core.py", line 1053, in main
    rv = self.invoke(ctx)
  File "/usr/lib/python3/dist-packages/click/core.py", line 1659, in invoke
    return _process_result(sub_ctx.command.invoke(sub_ctx))
  File "/usr/lib/python3/dist-packages/click/core.py", line 1395, in invoke
    return ctx.invoke(self.callback, **ctx.params)
  File "/usr/lib/python3/dist-packages/click/core.py", line 754, in invoke
    return __callback(*args, **kwargs)
  File "/usr/local/lib/python3.10/dist-packages/mkdocs/__main__.py", line 272, in serve_command
    serve.serve(**kwargs)
  File "/usr/local/lib/python3.10/dist-packages/mkdocs/commands/serve.py", line 54, in serve
    config = get_config()
  File "/usr/local/lib/python3.10/dist-packages/mkdocs/commands/serve.py", line 43, in get_config
    config = load_config(
  File "/usr/local/lib/python3.10/dist-packages/mkdocs/config/base.py", line 374, in load_config
    errors, warnings = cfg.validate()
  File "/usr/local/lib/python3.10/dist-packages/mkdocs/config/base.py", line 231, in validate
    run_failed, run_warnings = self._validate()
  File "/usr/local/lib/python3.10/dist-packages/mkdocs/config/base.py", line 188, in _validate
    self[key] = config_option.validate(value)
  File "/usr/local/lib/python3.10/dist-packages/mkdocs/config/base.py", line 55, in validate
    return self.run_validation(value)
  File "/usr/local/lib/python3.10/dist-packages/mkdocs/config/config_options.py", line 858, in run_validation
    return theme.Theme(**theme_config)
  File "/usr/local/lib/python3.10/dist-packages/mkdocs/theme.py", line 61, in __init__
    self._load_theme_config(name)
  File "/usr/local/lib/python3.10/dist-packages/mkdocs/theme.py", line 126, in _load_theme_config
    theme_dir = utils.get_theme_dir(name)
  File "/usr/local/lib/python3.10/dist-packages/mkdocs/utils/__init__.py", line 259, in get_theme_dir
    return os.path.dirname(os.path.abspath(theme.load().__file__))
  File "/usr/lib/python3.10/importlib/metadata/__init__.py", line 171, in load
    module = import_module(match.group('module'))
  File "/usr/lib/python3.10/importlib/__init__.py", line 126, in import_module
    return _bootstrap._gcd_import(name[level:], package, level)
  File "<frozen importlib._bootstrap>", line 1050, in _gcd_import
  File "<frozen importlib._bootstrap>", line 1027, in _find_and_load
  File "<frozen importlib._bootstrap>", line 1004, in _find_and_load_unlocked
ModuleNotFoundError: No module named 'material.templates'
Traceback (most recent call last):
  File "/usr/local/bin/mkdocs", line 8, in <module>
    sys.exit(cli())
  File "/usr/lib/python3/dist-packages/click/core.py", line 1128, in __call__
    return self.main(*args, **kwargs)
  File "/usr/lib/python3/dist-packages/click/core.py", line 1053, in main
    rv = self.invoke(ctx)
  File "/usr/lib/python3/dist-packages/click/core.py", line 1659, in invoke
    return _process_result(sub_ctx.command.invoke(sub_ctx))
  File "/usr/lib/python3/dist-packages/click/core.py", line 1395, in invoke
    return ctx.invoke(self.callback, **ctx.params)
  File "/usr/lib/python3/dist-packages/click/core.py", line 754, in invoke
    return __callback(*args, **kwargs)
  File "/usr/local/lib/python3.10/dist-packages/mkdocs/__main__.py", line 272, in serve_command
    serve.serve(**kwargs)
  File "/usr/local/lib/python3.10/dist-packages/mkdocs/commands/serve.py", line 54, in serve
    config = get_config()
  File "/usr/local/lib/python3.10/dist-packages/mkdocs/commands/serve.py", line 43, in get_config
    config = load_config(
  File "/usr/local/lib/python3.10/dist-packages/mkdocs/config/base.py", line 374, in load_config
    errors, warnings = cfg.validate()
  File "/usr/local/lib/python3.10/dist-packages/mkdocs/config/base.py", line 231, in validate
    run_failed, run_warnings = self._validate()
  File "/usr/local/lib/python3.10/dist-packages/mkdocs/config/base.py", line 188, in _validate
    self[key] = config_option.validate(value)
  File "/usr/local/lib/python3.10/dist-packages/mkdocs/config/base.py", line 55, in validate
    return self.run_validation(value)
  File "/usr/local/lib/python3.10/dist-packages/mkdocs/config/config_options.py", line 858, in run_validation
    return theme.Theme(**theme_config)
  File "/usr/local/lib/python3.10/dist-packages/mkdocs/theme.py", line 61, in __init__
    self._load_theme_config(name)
  File "/usr/local/lib/python3.10/dist-packages/mkdocs/theme.py", line 126, in _load_theme_config
    theme_dir = utils.get_theme_dir(name)
  File "/usr/local/lib/python3.10/dist-packages/mkdocs/utils/__init__.py", line 259, in get_theme_dir
    return os.path.dirname(os.path.abspath(theme.load().__file__))
  File "/usr/lib/python3.10/importlib/metadata/__init__.py", line 171, in load
    module = import_module(match.group('module'))
  File "/usr/lib/python3.10/importlib/__init__.py", line 126, in import_module
    return _bootstrap._gcd_import(name[level:], package, level)
  File "<frozen importlib._bootstrap>", line 1050, in _gcd_import
  File "<frozen importlib._bootstrap>", line 1027, in _find_and_load
  File "<frozen importlib._bootstrap>", line 1004, in _find_and_load_unlocked
ModuleNotFoundError: No module named 'material.templates'
Traceback (most recent call last):
  File "/usr/local/bin/mkdocs", line 8, in <module>
    sys.exit(cli())
  File "/usr/lib/python3/dist-packages/click/core.py", line 1128, in __call__
    return self.main(*args, **kwargs)
  File "/usr/lib/python3/dist-packages/click/core.py", line 1053, in main
    rv = self.invoke(ctx)
  File "/usr/lib/python3/dist-packages/click/core.py", line 1659, in invoke
    return _process_result(sub_ctx.command.invoke(sub_ctx))
  File "/usr/lib/python3/dist-packages/click/core.py", line 1395, in invoke
    return ctx.invoke(self.callback, **ctx.params)
  File "/usr/lib/python3/dist-packages/click/core.py", line 754, in invoke
    return __callback(*args, **kwargs)
  File "/usr/local/lib/python3.10/dist-packages/mkdocs/__main__.py", line 272, in serve_command
    serve.serve(**kwargs)
  File "/usr/local/lib/python3.10/dist-packages/mkdocs/commands/serve.py", line 54, in serve
    config = get_config()
  File "/usr/local/lib/python3.10/dist-packages/mkdocs/commands/serve.py", line 43, in get_config
    config = load_config(
  File "/usr/local/lib/python3.10/dist-packages/mkdocs/config/base.py", line 374, in load_config
    errors, warnings = cfg.validate()
  File "/usr/local/lib/python3.10/dist-packages/mkdocs/config/base.py", line 231, in validate
    run_failed, run_warnings = self._validate()
  File "/usr/local/lib/python3.10/dist-packages/mkdocs/config/base.py", line 188, in _validate
    self[key] = config_option.validate(value)
  File "/usr/local/lib/python3.10/dist-packages/mkdocs/config/base.py", line 55, in validate
    return self.run_validation(value)
  File "/usr/local/lib/python3.10/dist-packages/mkdocs/config/config_options.py", line 858, in run_validation
    return theme.Theme(**theme_config)
  File "/usr/local/lib/python3.10/dist-packages/mkdocs/theme.py", line 61, in __init__
    self._load_theme_config(name)
  File "/usr/local/lib/python3.10/dist-packages/mkdocs/theme.py", line 126, in _load_theme_config
    theme_dir = utils.get_theme_dir(name)
  File "/usr/local/lib/python3.10/dist-packages/mkdocs/utils/__init__.py", line 259, in get_theme_dir
    return os.path.dirname(os.path.abspath(theme.load().__file__))
  File "/usr/lib/python3.10/importlib/metadata/__init__.py", line 171, in load
    module = import_module(match.group('module'))
  File "/usr/lib/python3.10/importlib/__init__.py", line 126, in import_module
    return _bootstrap._gcd_import(name[level:], package, level)
  File "<frozen importlib._bootstrap>", line 1050, in _gcd_import
  File "<frozen importlib._bootstrap>", line 1027, in _find_and_load
  File "<frozen importlib._bootstrap>", line 1004, in _find_and_load_unlocked
ModuleNotFoundError: No module named 'material.templates'
Traceback (most recent call last):
  File "/usr/local/bin/mkdocs", line 8, in <module>
    sys.exit(cli())
  File "/usr/lib/python3/dist-packages/click/core.py", line 1128, in __call__
    return self.main(*args, **kwargs)
  File "/usr/lib/python3/dist-packages/click/core.py", line 1053, in main
    rv = self.invoke(ctx)
  File "/usr/lib/python3/dist-packages/click/core.py", line 1659, in invoke
    return _process_result(sub_ctx.command.invoke(sub_ctx))
  File "/usr/lib/python3/dist-packages/click/core.py", line 1395, in invoke
    return ctx.invoke(self.callback, **ctx.params)
  File "/usr/lib/python3/dist-packages/click/core.py", line 754, in invoke
    return __callback(*args, **kwargs)
  File "/usr/local/lib/python3.10/dist-packages/mkdocs/__main__.py", line 272, in serve_command
    serve.serve(**kwargs)
  File "/usr/local/lib/python3.10/dist-packages/mkdocs/commands/serve.py", line 54, in serve
    config = get_config()
  File "/usr/local/lib/python3.10/dist-packages/mkdocs/commands/serve.py", line 43, in get_config
    config = load_config(
  File "/usr/local/lib/python3.10/dist-packages/mkdocs/config/base.py", line 374, in load_config
    errors, warnings = cfg.validate()
  File "/usr/local/lib/python3.10/dist-packages/mkdocs/config/base.py", line 231, in validate
    run_failed, run_warnings = self._validate()
  File "/usr/local/lib/python3.10/dist-packages/mkdocs/config/base.py", line 188, in _validate
    self[key] = config_option.validate(value)
  File "/usr/local/lib/python3.10/dist-packages/mkdocs/config/base.py", line 55, in validate
    return self.run_validation(value)
  File "/usr/local/lib/python3.10/dist-packages/mkdocs/config/config_options.py", line 858, in run_validation
    return theme.Theme(**theme_config)
  File "/usr/local/lib/python3.10/dist-packages/mkdocs/theme.py", line 61, in __init__
    self._load_theme_config(name)
  File "/usr/local/lib/python3.10/dist-packages/mkdocs/theme.py", line 126, in _load_theme_config
    theme_dir = utils.get_theme_dir(name)
  File "/usr/local/lib/python3.10/dist-packages/mkdocs/utils/__init__.py", line 259, in get_theme_dir
    return os.path.dirname(os.path.abspath(theme.load().__file__))
  File "/usr/lib/python3.10/importlib/metadata/__init__.py", line 171, in load
    module = import_module(match.group('module'))
  File "/usr/lib/python3.10/importlib/__init__.py", line 126, in import_module
    return _bootstrap._gcd_import(name[level:], package, level)
  File "<frozen importlib._bootstrap>", line 1050, in _gcd_import
  File "<frozen importlib._bootstrap>", line 1027, in _find_and_load
  File "<frozen importlib._bootstrap>", line 1004, in _find_and_load_unlocked
ModuleNotFoundError: No module named 'material.templates'
Traceback (most recent call last):
  File "/usr/local/bin/mkdocs", line 8, in <module>
    sys.exit(cli())
  File "/usr/lib/python3/dist-packages/click/core.py", line 1128, in __call__
    return self.main(*args, **kwargs)
  File "/usr/lib/python3/dist-packages/click/core.py", line 1053, in main
    rv = self.invoke(ctx)
  File "/usr/lib/python3/dist-packages/click/core.py", line 1659, in invoke
    return _process_result(sub_ctx.command.invoke(sub_ctx))
  File "/usr/lib/python3/dist-packages/click/core.py", line 1395, in invoke
    return ctx.invoke(self.callback, **ctx.params)
  File "/usr/lib/python3/dist-packages/click/core.py", line 754, in invoke
    return __callback(*args, **kwargs)
  File "/usr/local/lib/python3.10/dist-packages/mkdocs/__main__.py", line 272, in serve_command
    serve.serve(**kwargs)
  File "/usr/local/lib/python3.10/dist-packages/mkdocs/commands/serve.py", line 54, in serve
    config = get_config()
  File "/usr/local/lib/python3.10/dist-packages/mkdocs/commands/serve.py", line 43, in get_config
    config = load_config(
  File "/usr/local/lib/python3.10/dist-packages/mkdocs/config/base.py", line 374, in load_config
    errors, warnings = cfg.validate()
  File "/usr/local/lib/python3.10/dist-packages/mkdocs/config/base.py", line 231, in validate
    run_failed, run_warnings = self._validate()
  File "/usr/local/lib/python3.10/dist-packages/mkdocs/config/base.py", line 188, in _validate
    self[key] = config_option.validate(value)
  File "/usr/local/lib/python3.10/dist-packages/mkdocs/config/base.py", line 55, in validate
    return self.run_validation(value)
  File "/usr/local/lib/python3.10/dist-packages/mkdocs/config/config_options.py", line 858, in run_validation
    return theme.Theme(**theme_config)
  File "/usr/local/lib/python3.10/dist-packages/mkdocs/theme.py", line 61, in __init__
    self._load_theme_config(name)
  File "/usr/local/lib/python3.10/dist-packages/mkdocs/theme.py", line 126, in _load_theme_config
    theme_dir = utils.get_theme_dir(name)
  File "/usr/local/lib/python3.10/dist-packages/mkdocs/utils/__init__.py", line 259, in get_theme_dir
    return os.path.dirname(os.path.abspath(theme.load().__file__))
  File "/usr/lib/python3.10/importlib/metadata/__init__.py", line 171, in load
    module = import_module(match.group('module'))
  File "/usr/lib/python3.10/importlib/__init__.py", line 126, in import_module
    return _bootstrap._gcd_import(name[level:], package, level)
  File "<frozen importlib._bootstrap>", line 1050, in _gcd_import
  File "<frozen importlib._bootstrap>", line 1027, in _find_and_load
  File "<frozen importlib._bootstrap>", line 1004, in _find_and_load_unlocked
ModuleNotFoundError: No module named 'material.templates'
Traceback (most recent call last):
  File "/usr/local/bin/mkdocs", line 8, in <module>
    sys.exit(cli())
  File "/usr/lib/python3/dist-packages/click/core.py", line 1128, in __call__
    return self.main(*args, **kwargs)
  File "/usr/lib/python3/dist-packages/click/core.py", line 1053, in main
    rv = self.invoke(ctx)
  File "/usr/lib/python3/dist-packages/click/core.py", line 1659, in invoke
    return _process_result(sub_ctx.command.invoke(sub_ctx))
  File "/usr/lib/python3/dist-packages/click/core.py", line 1395, in invoke
    return ctx.invoke(self.callback, **ctx.params)
  File "/usr/lib/python3/dist-packages/click/core.py", line 754, in invoke
    return __callback(*args, **kwargs)
  File "/usr/local/lib/python3.10/dist-packages/mkdocs/__main__.py", line 272, in serve_command
    serve.serve(**kwargs)
  File "/usr/local/lib/python3.10/dist-packages/mkdocs/commands/serve.py", line 54, in serve
    config = get_config()
  File "/usr/local/lib/python3.10/dist-packages/mkdocs/commands/serve.py", line 43, in get_config
    config = load_config(
  File "/usr/local/lib/python3.10/dist-packages/mkdocs/config/base.py", line 374, in load_config
    errors, warnings = cfg.validate()
  File "/usr/local/lib/python3.10/dist-packages/mkdocs/config/base.py", line 231, in validate
    run_failed, run_warnings = self._validate()
  File "/usr/local/lib/python3.10/dist-packages/mkdocs/config/base.py", line 188, in _validate
    self[key] = config_option.validate(value)
  File "/usr/local/lib/python3.10/dist-packages/mkdocs/config/base.py", line 55, in validate
    return self.run_validation(value)
  File "/usr/local/lib/python3.10/dist-packages/mkdocs/config/config_options.py", line 858, in run_validation
    return theme.Theme(**theme_config)
  File "/usr/local/lib/python3.10/dist-packages/mkdocs/theme.py", line 61, in __init__
    self._load_theme_config(name)
  File "/usr/local/lib/python3.10/dist-packages/mkdocs/theme.py", line 126, in _load_theme_config
    theme_dir = utils.get_theme_dir(name)
  File "/usr/local/lib/python3.10/dist-packages/mkdocs/utils/__init__.py", line 259, in get_theme_dir
    return os.path.dirname(os.path.abspath(theme.load().__file__))
  File "/usr/lib/python3.10/importlib/metadata/__init__.py", line 171, in load
    module = import_module(match.group('module'))
  File "/usr/lib/python3.10/importlib/__init__.py", line 126, in import_module
    return _bootstrap._gcd_import(name[level:], package, level)
  File "<frozen importlib._bootstrap>", line 1050, in _gcd_import
  File "<frozen importlib._bootstrap>", line 1027, in _find_and_load
  File "<frozen importlib._bootstrap>", line 1004, in _find_and_load_unlocked
ModuleNotFoundError: No module named 'material.templates'
Traceback (most recent call last):
  File "/usr/local/bin/mkdocs", line 8, in <module>
    sys.exit(cli())
  File "/usr/lib/python3/dist-packages/click/core.py", line 1128, in __call__
    return self.main(*args, **kwargs)
  File "/usr/lib/python3/dist-packages/click/core.py", line 1053, in main
    rv = self.invoke(ctx)
  File "/usr/lib/python3/dist-packages/click/core.py", line 1659, in invoke
    return _process_result(sub_ctx.command.invoke(sub_ctx))
  File "/usr/lib/python3/dist-packages/click/core.py", line 1395, in invoke
    return ctx.invoke(self.callback, **ctx.params)
  File "/usr/lib/python3/dist-packages/click/core.py", line 754, in invoke
    return __callback(*args, **kwargs)
  File "/usr/local/lib/python3.10/dist-packages/mkdocs/__main__.py", line 272, in serve_command
    serve.serve(**kwargs)
  File "/usr/local/lib/python3.10/dist-packages/mkdocs/commands/serve.py", line 54, in serve
    config = get_config()
  File "/usr/local/lib/python3.10/dist-packages/mkdocs/commands/serve.py", line 43, in get_config
    config = load_config(
  File "/usr/local/lib/python3.10/dist-packages/mkdocs/config/base.py", line 374, in load_config
    errors, warnings = cfg.validate()
  File "/usr/local/lib/python3.10/dist-packages/mkdocs/config/base.py", line 231, in validate
    run_failed, run_warnings = self._validate()
  File "/usr/local/lib/python3.10/dist-packages/mkdocs/config/base.py", line 188, in _validate
    self[key] = config_option.validate(value)
  File "/usr/local/lib/python3.10/dist-packages/mkdocs/config/base.py", line 55, in validate
    return self.run_validation(value)
  File "/usr/local/lib/python3.10/dist-packages/mkdocs/config/config_options.py", line 858, in run_validation
    return theme.Theme(**theme_config)
  File "/usr/local/lib/python3.10/dist-packages/mkdocs/theme.py", line 61, in __init__
    self._load_theme_config(name)
  File "/usr/local/lib/python3.10/dist-packages/mkdocs/theme.py", line 126, in _load_theme_config
    theme_dir = utils.get_theme_dir(name)
  File "/usr/local/lib/python3.10/dist-packages/mkdocs/utils/__init__.py", line 259, in get_theme_dir
    return os.path.dirname(os.path.abspath(theme.load().__file__))
  File "/usr/lib/python3.10/importlib/metadata/__init__.py", line 171, in load
    module = import_module(match.group('module'))
  File "/usr/lib/python3.10/importlib/__init__.py", line 126, in import_module
    return _bootstrap._gcd_import(name[level:], package, level)
  File "<frozen importlib._bootstrap>", line 1050, in _gcd_import
  File "<frozen importlib._bootstrap>", line 1027, in _find_and_load
  File "<frozen importlib._bootstrap>", line 1004, in _find_and_load_unlocked
ModuleNotFoundError: No module named 'material.templates'
INFO    -  Building documentation...
INFO    -  Cleaning site directory
INFO    -  Documentation built in 0.44 seconds
INFO    -  [14:33:22] Watching paths for changes: 'docs', 'mkdocs.yml'
INFO    -  [14:33:22] Serving on http://127.0.0.1:8000/Docs_tech/
Traceback (most recent call last):
  File "/usr/local/bin/mkdocs", line 8, in <module>
    sys.exit(cli())
  File "/usr/lib/python3/dist-packages/click/core.py", line 1128, in __call__
    return self.main(*args, **kwargs)
  File "/usr/lib/python3/dist-packages/click/core.py", line 1053, in main
    rv = self.invoke(ctx)
  File "/usr/lib/python3/dist-packages/click/core.py", line 1659, in invoke
    return _process_result(sub_ctx.command.invoke(sub_ctx))
  File "/usr/lib/python3/dist-packages/click/core.py", line 1395, in invoke
    return ctx.invoke(self.callback, **ctx.params)
  File "/usr/lib/python3/dist-packages/click/core.py", line 754, in invoke
    return __callback(*args, **kwargs)
  File "/usr/local/lib/python3.10/dist-packages/mkdocs/__main__.py", line 272, in serve_command
    serve.serve(**kwargs)
  File "/usr/local/lib/python3.10/dist-packages/mkdocs/commands/serve.py", line 54, in serve
    config = get_config()
  File "/usr/local/lib/python3.10/dist-packages/mkdocs/commands/serve.py", line 43, in get_config
    config = load_config(
  File "/usr/local/lib/python3.10/dist-packages/mkdocs/config/base.py", line 374, in load_config
    errors, warnings = cfg.validate()
  File "/usr/local/lib/python3.10/dist-packages/mkdocs/config/base.py", line 231, in validate
    run_failed, run_warnings = self._validate()
  File "/usr/local/lib/python3.10/dist-packages/mkdocs/config/base.py", line 188, in _validate
    self[key] = config_option.validate(value)
  File "/usr/local/lib/python3.10/dist-packages/mkdocs/config/base.py", line 55, in validate
    return self.run_validation(value)
  File "/usr/local/lib/python3.10/dist-packages/mkdocs/config/config_options.py", line 858, in run_validation
    return theme.Theme(**theme_config)
  File "/usr/local/lib/python3.10/dist-packages/mkdocs/theme.py", line 61, in __init__
    self._load_theme_config(name)
  File "/usr/local/lib/python3.10/dist-packages/mkdocs/theme.py", line 126, in _load_theme_config
    theme_dir = utils.get_theme_dir(name)
  File "/usr/local/lib/python3.10/dist-packages/mkdocs/utils/__init__.py", line 259, in get_theme_dir
    return os.path.dirname(os.path.abspath(theme.load().__file__))
  File "/usr/lib/python3.10/importlib/metadata/__init__.py", line 171, in load
    module = import_module(match.group('module'))
  File "/usr/lib/python3.10/importlib/__init__.py", line 126, in import_module
    return _bootstrap._gcd_import(name[level:], package, level)
  File "<frozen importlib._bootstrap>", line 1050, in _gcd_import
  File "<frozen importlib._bootstrap>", line 1027, in _find_and_load
  File "<frozen importlib._bootstrap>", line 1004, in _find_and_load_unlocked
ModuleNotFoundError: No module named 'material.templates'
INFO    -  [14:43:55] Detected file changes
INFO    -  Building documentation...
INFO    -  Documentation built in 0.77 seconds
INFO    -  [14:43:56] Reloading browsers
INFO    -  [14:44:03] Browser connected: http://127.0.0.1:8000/Docs_tech/
INFO    -  [14:49:00] Detected file changes
INFO    -  Building documentation...
INFO    -  Documentation built in 0.80 seconds
INFO    -  [14:49:01] Reloading browsers
INFO    -  [14:49:08] Browser connected: http://127.0.0.1:8000/Docs_tech/
INFO    -  [14:54:08] Browser connected: http://127.0.0.1:8000/Docs_tech/
WARNING -  [14:54:08] "GET /Docs_tech/assets/favicon.png HTTP/1.1" code 404
INFO    -  [14:58:55] Browser connected: http://127.0.0.1:8000/Docs_tech/
INFO    -  [14:59:07] Browser connected: http://127.0.0.1:8000/Docs_tech/
INFO    -  [15:03:36] Detected file changes
INFO    -  Building documentation...
INFO    -  Documentation built in 0.58 seconds
INFO    -  [15:03:37] Reloading browsers
INFO    -  [15:04:20] Detected file changes
INFO    -  Building documentation...
INFO    -  Documentation built in 0.71 seconds
INFO    -  [15:04:21] Reloading browsers
INFO    -  [15:04:25] Browser connected: http://127.0.0.1:8000/Docs_tech/
INFO    -  [15:06:59] Detected file changes
INFO    -  Building documentation...
INFO    -  Documentation built in 0.75 seconds
INFO    -  [15:07:00] Reloading browsers
WARNING -  [15:07:08] "GET /Docs_tech/Extia.gif HTTP/1.1" code 404
INFO    -  [15:07:08] Browser connected: http://127.0.0.1:8000/Docs_tech/
INFO    -  [15:10:20] Detected file changes
INFO    -  Building documentation...
INFO    -  Documentation built in 0.90 seconds
INFO    -  [15:10:21] Reloading browsers
INFO    -  [15:10:29] Browser connected: http://127.0.0.1:8000/Docs_tech/
WARNING -  [15:10:29] "GET /Docs_tech/Extia.png HTTP/1.1" code 404
INFO    -  [15:12:32] Browser connected: http://127.0.0.1:8000/Docs_tech/
INFO    -  [15:12:45] Detected file changes
INFO    -  Building documentation...
INFO    -  Documentation built in 0.67 seconds
INFO    -  [15:12:46] Reloading browsers
INFO    -  [15:12:48] Browser connected: http://127.0.0.1:8000/Docs_tech/
INFO    -  [15:13:02] Detected file changes
INFO    -  Building documentation...
INFO    -  Documentation built in 0.42 seconds
INFO    -  [15:13:03] Reloading browsers
INFO    -  [15:13:05] Browser connected: http://127.0.0.1:8000/Docs_tech/
INFO    -  [15:13:20] Detected file changes
INFO    -  Building documentation...
INFO    -  Documentation built in 0.74 seconds
INFO    -  [15:13:20] Reloading browsers
INFO    -  [15:13:22] Browser connected: http://127.0.0.1:8000/Docs_tech/
INFO    -  [15:15:36] Detected file changes
INFO    -  Building documentation...
INFO    -  Documentation built in 0.97 seconds
INFO    -  [15:15:37] Reloading browsers
INFO    -  [15:15:38] Browser connected: http://127.0.0.1:8000/Docs_tech/
INFO    -  [15:16:02] Detected file changes
INFO    -  Building documentation...
INFO    -  Documentation built in 0.49 seconds
INFO    -  [15:16:03] Reloading browsers
INFO    -  [15:16:04] Browser connected: http://127.0.0.1:8000/Docs_tech/
INFO    -  [15:18:11] Detected file changes
INFO    -  Building documentation...
ERROR   -  Config value 'plugins': The "project" plugin is not installed
Aborted with a configuration error!
ERROR   -  [15:18:11] An error happened during the rebuild. The server will appear stuck until build errors are resolved.
INFO    -  [15:54:42] Detected file changes
INFO    -  Building documentation...
ERROR   -  Config value 'plugins': The "project" plugin is not installed
Aborted with a configuration error!
ERROR   -  [15:54:42] An error happened during the rebuild. The server will appear stuck until build errors are resolved.
INFO    -  [17:00:10] Detected file changes
INFO    -  Building documentation...
ERROR   -  Config value 'plugins': The "project" plugin is not installed
Aborted with a configuration error!
ERROR   -  [17:00:11] An error happened during the rebuild. The server will appear stuck until build errors are resolved.
ERROR   -  Config value 'plugins': The "project" plugin is not installed

Aborted with a configuration error!
INFO    -  [17:01:09] Detected file changes
INFO    -  Building documentation...
INFO    -  Documentation built in 0.88 seconds
INFO    -  [17:01:10] Reloading browsers
INFO    -  [17:01:23] Browser connected: http://127.0.0.1:8000/Docs_tech/
INFO    -  [17:20:38] Detected file changes
INFO    -  Building documentation...
INFO    -  Documentation built in 0.68 seconds
INFO    -  [17:20:39] Reloading browsers
